This is pdfTeX, Version 3.1415926-1.40.10 (TeX Live 2009/Debian) (format=pdflatex 2012.1.10)  12 JAN 2012 13:23
entering extended mode
 \write18 enabled.
 %&-line parsing enabled.
**sec5.tex
(./sec5.tex
LaTeX2e <2009/09/24>
Babel <v3.8l> and hyphenation patterns for english, usenglishmax, dumylang, noh
yphenation, loaded.
(/usr/share/texmf-texlive/tex/latex/base/report.cls
Document Class: report 2007/10/19 v1.4h Standard LaTeX document class
(/usr/share/texmf-texlive/tex/latex/base/size10.clo
File: size10.clo 2007/10/19 v1.4h Standard LaTeX file (size option)
)
\c@part=\count79
\c@chapter=\count80
\c@section=\count81
\c@subsection=\count82
\c@subsubsection=\count83
\c@paragraph=\count84
\c@subparagraph=\count85
\c@figure=\count86
\c@table=\count87
\abovecaptionskip=\skip41
\belowcaptionskip=\skip42
\bibindent=\dimen102
)
(/usr/share/texmf-texlive/tex/latex/appendix/appendix.sty
Package: appendix 2009/09/02 v1.2b extra appendix facilities
\c@@pps=\count88
\c@@ppsavesec=\count89
\c@@ppsaveapp=\count90
)
(/usr/share/texmf-texlive/tex/latex/hyperref/hyperref.sty
Package: hyperref 2009/10/09 v6.79a Hypertext links for LaTeX

(/usr/share/texmf-texlive/tex/latex/graphics/keyval.sty
Package: keyval 1999/03/16 v1.13 key=value parser (DPC)
\KV@toks@=\toks14
)
(/usr/share/texmf-texlive/tex/generic/oberdiek/ifpdf.sty
Package: ifpdf 2009/04/10 v2.0 Provides the ifpdf switch (HO)
Package ifpdf Info: pdfTeX in pdf mode detected.
)
(/usr/share/texmf-texlive/tex/generic/oberdiek/ifvtex.sty
Package: ifvtex 2008/11/04 v1.4 Switches for detecting VTeX and its modes (HO)
Package ifvtex Info: VTeX not detected.
)
(/usr/share/texmf-texlive/tex/generic/ifxetex/ifxetex.sty
Package: ifxetex 2009/01/23 v0.5 Provides ifxetex conditional
)
(/usr/share/texmf-texlive/tex/latex/oberdiek/hycolor.sty
Package: hycolor 2009/10/02 v1.5 Code for color options of hyperref/bookmark (H
O)

(/usr/share/texmf-texlive/tex/latex/oberdiek/xcolor-patch.sty
Package: xcolor-patch 2009/10/02 xcolor patch
))
\@linkdim=\dimen103
\Hy@linkcounter=\count91
\Hy@pagecounter=\count92

(/usr/share/texmf-texlive/tex/latex/hyperref/pd1enc.def
File: pd1enc.def 2009/10/09 v6.79a Hyperref: PDFDocEncoding definition (HO)
)
(/usr/share/texmf-texlive/tex/generic/oberdiek/etexcmds.sty
Package: etexcmds 2007/12/12 v1.2 Prefix for e-TeX command names (HO)

(/usr/share/texmf-texlive/tex/generic/oberdiek/infwarerr.sty
Package: infwarerr 2007/09/09 v1.2 Providing info/warning/message (HO)
)
Package etexcmds Info: Could not find \expanded.
(etexcmds)             That can mean that you are not using pdfTeX 1.50 or
(etexcmds)             that some package has redefined \expanded.
(etexcmds)             In the latter case, load this package earlier.
)
(/usr/share/texmf-texlive/tex/latex/latexconfig/hyperref.cfg
File: hyperref.cfg 2002/06/06 v1.2 hyperref configuration of TeXLive
)
(/usr/share/texmf-texlive/tex/latex/oberdiek/kvoptions.sty
Package: kvoptions 2009/08/13 v3.4 Keyval support for LaTeX options (HO)

(/usr/share/texmf-texlive/tex/generic/oberdiek/kvsetkeys.sty
Package: kvsetkeys 2009/07/30 v1.5 Key value parser with default handler suppor
t (HO)
))
Package hyperref Info: Hyper figures OFF on input line 2975.
Package hyperref Info: Link nesting OFF on input line 2980.
Package hyperref Info: Hyper index ON on input line 2983.
Package hyperref Info: Plain pages OFF on input line 2990.
Package hyperref Info: Backreferencing OFF on input line 2995.

Implicit mode ON; LaTeX internals redefined
Package hyperref Info: Bookmarks ON on input line 3191.
(/usr/share/texmf-texlive/tex/latex/ltxmisc/url.sty
\Urlmuskip=\muskip10
Package: url 2006/04/12  ver 3.3  Verb mode for urls, etc.
)
LaTeX Info: Redefining \url on input line 3428.

(/usr/share/texmf-texlive/tex/generic/oberdiek/bitset.sty
Package: bitset 2007/09/28 v1.0 Data type bit set (HO)

(/usr/share/texmf-texlive/tex/generic/oberdiek/intcalc.sty
Package: intcalc 2007/09/27 v1.1 Expandable integer calculations (HO)
)
(/usr/share/texmf-texlive/tex/generic/oberdiek/bigintcalc.sty
Package: bigintcalc 2007/11/11 v1.1 Expandable big integer calculations (HO)

(/usr/share/texmf-texlive/tex/generic/oberdiek/pdftexcmds.sty
Package: pdftexcmds 2009/09/23 v0.6 LuaTeX support for pdfTeX utility functions
 (HO)

(/usr/share/texmf-texlive/tex/generic/oberdiek/ifluatex.sty
Package: ifluatex 2009/04/17 v1.2 Provides the ifluatex switch (HO)
Package ifluatex Info: LuaTeX not detected.
)
(/usr/share/texmf-texlive/tex/generic/oberdiek/ltxcmds.sty
Package: ltxcmds 2009/08/05 v1.0 Some LaTeX kernel commands for general use (HO
)
)
Package pdftexcmds Info: LuaTeX not detected.
Package pdftexcmds Info: \pdf@primitive is available.
Package pdftexcmds Info: \pdf@ifprimitive is available.
)))
\Fld@menulength=\count93
\Field@Width=\dimen104
\Fld@charsize=\dimen105
\Field@toks=\toks15
Package hyperref Info: Hyper figures OFF on input line 4377.
Package hyperref Info: Link nesting OFF on input line 4382.
Package hyperref Info: Hyper index ON on input line 4385.
Package hyperref Info: backreferencing OFF on input line 4392.
Package hyperref Info: Link coloring OFF on input line 4397.
Package hyperref Info: Link coloring with OCG OFF on input line 4402.
Package hyperref Info: PDF/A mode OFF on input line 4407.

(/usr/share/texmf-texlive/tex/generic/oberdiek/atbegshi.sty
Package: atbegshi 2008/07/31 v1.9 At begin shipout hook (HO)
)
\Hy@abspage=\count94
\c@Item=\count95
\c@Hfootnote=\count96
)
*hyperref using default driver hpdftex*
(/usr/share/texmf-texlive/tex/latex/hyperref/hpdftex.def
File: hpdftex.def 2009/10/09 v6.79a Hyperref driver for pdfTeX
\Fld@listcount=\count97
)
(/home/janus/texmf/tex/latex/minted/minted.sty
Package: minted 2011/09/17 v1.7 Yet another Pygments shim for LaTeX

(/usr/share/texmf-texlive/tex/latex/fancyvrb/fancyvrb.sty
Package: fancyvrb 2008/02/07

Style option: `fancyvrb' v2.7a, with DG/SPQR fixes, and firstline=lastline fix 
<2008/02/07> (tvz)
\FV@CodeLineNo=\count98
\FV@InFile=\read1
\FV@TabBox=\box26
\c@FancyVerbLine=\count99
\FV@StepNumber=\count100
\FV@OutFile=\write3
) (/usr/share/texmf/tex/latex/xcolor/xcolor.sty
Package: xcolor 2007/01/21 v2.11 LaTeX color extensions (UK)

(/etc/texmf/tex/latex/config/color.cfg
File: color.cfg 2007/01/18 v1.5 color configuration of teTeX/TeXLive
)
Package xcolor Info: Driver file: pdftex.def on input line 225.

(/usr/share/texmf-texlive/tex/latex/pdftex-def/pdftex.def
File: pdftex.def 2010/03/12 v0.04p Graphics/color for pdfTeX
\Gread@gobject=\count101
)
Package xcolor Info: Model `cmy' substituted by `cmy0' on input line 1337.
Package xcolor Info: Model `hsb' substituted by `rgb' on input line 1341.
Package xcolor Info: Model `RGB' extended on input line 1353.
Package xcolor Info: Model `HTML' substituted by `rgb' on input line 1355.
Package xcolor Info: Model `Hsb' substituted by `hsb' on input line 1356.
Package xcolor Info: Model `tHsb' substituted by `hsb' on input line 1357.
Package xcolor Info: Model `HSB' substituted by `hsb' on input line 1358.
Package xcolor Info: Model `Gray' substituted by `gray' on input line 1359.
Package xcolor Info: Model `wave' substituted by `hsb' on input line 1360.
)
(/usr/share/texmf-texlive/tex/latex/float/float.sty
Package: float 2001/11/08 v1.3d Float enhancements (AL)
\c@float@type=\count102
\float@exts=\toks16
\float@box=\box27
\@float@everytoks=\toks17
\@floatcapt=\box28
)
(/usr/share/texmf-texlive/tex/latex/base/ifthen.sty
Package: ifthen 2001/05/26 v1.1c Standard LaTeX ifthen package (DPC)
)
(/usr/share/texmf-texlive/tex/latex/tools/calc.sty
Package: calc 2007/08/22 v4.3 Infix arithmetic (KKT,FJ)
\calc@Acount=\count103
\calc@Bcount=\count104
\calc@Adimen=\dimen106
\calc@Bdimen=\dimen107
\calc@Askip=\skip43
\calc@Bskip=\skip44
LaTeX Info: Redefining \setlength on input line 76.
LaTeX Info: Redefining \addtolength on input line 77.
\calc@Ccount=\count105
\calc@Cskip=\skip45
)
(/usr/share/texmf-texlive/tex/latex/ifplatform/ifplatform.sty
Package: ifplatform 2009/09/10 v0.3a Testing for the operating system

(/usr/share/texmf-texlive/tex/generic/oberdiek/catchfile.sty
Package: catchfile 2007/11/11 v1.2 Catches the contents of a file (HO)
)
runsystem(uname -s > "sec5.w18")...executed.

 (./sec5.w18)
runsystem(rm -- "sec5.w18")...executed.

)
\minted@bgbox=\box29
\minted@code=\write4
\@float@every@listing=\toks18
\c@listing=\count106
)
runsystem(which pygmentize && touch sec5.aex)...executed.

runsystem(rm sec5.aex)...executed.


(/usr/share/texmf-texlive/tex/latex/pdfpages/pdfpages.sty
Package: pdfpages 2009/02/07 v0.4g Insert pages of external PDF documents (AM)

(/usr/share/texmf-texlive/tex/latex/graphics/graphicx.sty
Package: graphicx 1999/02/16 v1.0f Enhanced LaTeX Graphics (DPC,SPQR)

(/usr/share/texmf-texlive/tex/latex/graphics/graphics.sty
Package: graphics 2009/02/05 v1.0o Standard LaTeX Graphics (DPC,SPQR)

(/usr/share/texmf-texlive/tex/latex/graphics/trig.sty
Package: trig 1999/03/16 v1.09 sin cos tan (DPC)
)
(/etc/texmf/tex/latex/config/graphics.cfg
File: graphics.cfg 2009/08/28 v1.8 graphics configuration of TeX Live
)
Package graphics Info: Driver file: pdftex.def on input line 91.
)
\Gin@req@height=\dimen108
\Gin@req@width=\dimen109
)
(/usr/share/texmf-texlive/tex/latex/eso-pic/eso-pic.sty
Package: eso-pic 2006/07/14 v1.1d eso-pic (RN)

(/usr/share/texmf-texlive/tex/latex/ms/everyshi.sty
Package: everyshi 2001/05/15 v3.00 EveryShipout Package (MS)
))
(/usr/share/texmf-texlive/tex/latex/pdfpages/pppdftex.def
File: pppdftex.def 2009/02/07 v0.4g Pdfpages driver for pdfTeX (AM)
)
\AM@pagebox=\box30
\AM@toc@title=\toks19
\c@AM@survey=\count107
\AM@templatesizebox=\box31
) (./sec5.aux)
\openout1 = `sec5.aux'.

LaTeX Font Info:    Checking defaults for OML/cmm/m/it on input line 16.
LaTeX Font Info:    ... okay on input line 16.
LaTeX Font Info:    Checking defaults for T1/cmr/m/n on input line 16.
LaTeX Font Info:    ... okay on input line 16.
LaTeX Font Info:    Checking defaults for OT1/cmr/m/n on input line 16.
LaTeX Font Info:    ... okay on input line 16.
LaTeX Font Info:    Checking defaults for OMS/cmsy/m/n on input line 16.
LaTeX Font Info:    ... okay on input line 16.
LaTeX Font Info:    Checking defaults for OMX/cmex/m/n on input line 16.
LaTeX Font Info:    ... okay on input line 16.
LaTeX Font Info:    Checking defaults for U/cmr/m/n on input line 16.
LaTeX Font Info:    ... okay on input line 16.
LaTeX Font Info:    Checking defaults for PD1/pdf/m/n on input line 16.
LaTeX Font Info:    ... okay on input line 16.
Package hyperref Info: Link coloring OFF on input line 16.

(/usr/share/texmf-texlive/tex/latex/hyperref/nameref.sty
Package: nameref 2007/05/29 v2.31 Cross-referencing by name of section

(/usr/share/texmf-texlive/tex/latex/oberdiek/refcount.sty
Package: refcount 2008/08/11 v3.1 Data extraction from references (HO)
)
\c@section@level=\count108
)
LaTeX Info: Redefining \ref on input line 16.
LaTeX Info: Redefining \pageref on input line 16.
 (./sec5.out)
(./sec5.out)
\@outlinefile=\write5
\openout5 = `sec5.out'.

\AtBeginShipoutBox=\box32
 (/usr/share/texmf-texlive/tex/context/base/supp-pdf.mkii
[Loading MPS to PDF converter (version 2006.09.02).]
\scratchcounter=\count109
\scratchdimen=\dimen110
\scratchbox=\box33
\nofMPsegments=\count110
\nofMParguments=\count111
\everyMPshowfont=\toks20
\MPscratchCnt=\count112
\MPscratchDim=\dimen111
\MPnumerator=\count113
\everyMPtoPDFconversion=\toks21
)
runsystem(pygmentize -S default -f latex > sec5.pyg)...executed.

 (./sec5.pyg) ABD: EveryShipout initializing macros
LaTeX Font Info:    External font `cmex10' loaded for size
(Font)              <12> on input line 18.
LaTeX Font Info:    External font `cmex10' loaded for size
(Font)              <8> on input line 18.
LaTeX Font Info:    External font `cmex10' loaded for size
(Font)              <6> on input line 18.
 [1

{/var/lib/texmf/fonts/map/pdftex/updmap/pdftex.map}] (./sec5.toc
LaTeX Font Info:    External font `cmex10' loaded for size
(Font)              <7> on input line 2.
LaTeX Font Info:    External font `cmex10' loaded for size
(Font)              <5> on input line 2.

Overfull \hbox (3.30585pt too wide) in paragraph at lines 13--13
 [][] [][]\OT1/cmr/m/n/10 Functionality in \OT1/cmtt/m/n/10 tab.js \OT1/cmr/m/n
/10 con-cern-ing ev-ery-thing ex-cept cam- 
 []

)
\tf@toc=\write6
\openout6 = `sec5.toc'.

pdfTeX warning (ext4): destination with the same identifier (name{page.1}) has 
been already used, duplicate ignored
<to be read again> 
                   \relax 
l.19 \chapter
             {Camera frame transmission} [1

]
Chapter 1.
\openout3 = `sec5.pyg'.

runsystem(pygmentize -l java -f latex -F tokenmerge             -P "verboptions
= " -o sec5.out.pyg sec5.pyg)...executed.

(./sec5.out.pyg
LaTeX Font Info:    Font shape `OT1/cmtt/bx/n' in size <10> not available
(Font)              Font shape `OT1/cmtt/m/n' tried instead on input line 3.
)
runsystem(rm sec5.out.pyg)...executed.

runsystem(rm sec5.pyg)...executed.

Package hyperref Info: bookmark level for unknown listing defaults to 0 on inpu
t line 28.
\openout3 = `sec5.pyg'.

runsystem(pygmentize -l java -f latex -F tokenmerge            -P linenos -P "v
erboptions= " -o sec5.out.pyg sec5.pyg)...executed.

 (./sec5.out.pyg)
runsystem(rm sec5.out.pyg)...executed.

runsystem(rm sec5.pyg)...executed.

 [2

]
\openout3 = `sec5.pyg'.

runsystem(pygmentize -l python -f latex -F tokenmerge            -P linenos -P 
"verboptions= " -o sec5.out.pyg sec5.pyg)...executed.

 (./sec5.out.pyg)
runsystem(rm sec5.out.pyg)...executed.

runsystem(rm sec5.pyg)...executed.

 [3]
\openout3 = `sec5.pyg'.

runsystem(pygmentize -l python -f latex -F tokenmerge             -P "verboptio
ns= " -o sec5.out.pyg sec5.pyg)...executed.

 (./sec5.out.pyg)
runsystem(rm sec5.out.pyg)...executed.

runsystem(rm sec5.pyg)...executed.

LaTeX Font Info:    Font shape `OT1/cmtt/bx/n' in size <12> not available
(Font)              Font shape `OT1/cmtt/m/n' tried instead on input line 89.
\openout3 = `sec5.pyg'.

runsystem(pygmentize -l python -f latex -F tokenmerge             -P "verboptio
ns= " -o sec5.out.pyg sec5.pyg)...executed.


(./sec5.out.pyg)
runsystem(rm sec5.out.pyg)...executed.

runsystem(rm sec5.pyg)...executed.


Overfull \hbox (8.58421pt too wide) in paragraph at lines 103--104
[]\OT1/cmr/m/n/10 The class con-sists of the meth-ods \OT1/cmtt/m/n/10 opened\O
T1/cmr/m/n/10 , \OT1/cmtt/m/n/10 close\OT1/cmr/m/n/10 , \OT1/cmtt/m/n/10 receiv
ed[]message\OT1/cmr/m/n/10 , \OT1/cmtt/m/n/10 getnext\OT1/cmr/m/n/10 ,
 []


Overfull \hbox (3.33401pt too wide) in paragraph at lines 106--107
\OT1/cmr/m/n/10 shown along with other gen-eral in-for-ma-tion in top of the bo
t-net mas-ter/controller
 []

\openout3 = `sec5.pyg'.

runsystem(pygmentize -l python -f latex -F tokenmerge            -P linenos -P 
"verboptions= " -o sec5.out.pyg sec5.pyg)...executed.

(./sec5.out.pyg)
runsystem(rm sec5.out.pyg)...executed.

runsystem(rm sec5.pyg)...executed.

 [4]
\openout3 = `sec5.pyg'.

runsystem(pygmentize -l python -f latex -F tokenmerge            -P linenos -P 
"verboptions= " -o sec5.out.pyg sec5.pyg)...executed.

 (./sec5.out.pyg)
runsystem(rm sec5.out.pyg)...executed.

runsystem(rm sec5.pyg)...executed.

 [5]
Overfull \hbox (11.66621pt too wide) in paragraph at lines 187--188
[]\OT1/cmr/m/n/10 The con-troller im-ple-men-ta-tion re-sides in the \OT1/cmtt/
m/n/10 static \OT1/cmr/m/n/10 folder in the \OT1/cmtt/m/n/10 botnetserver
 []

[6]
\openout3 = `sec5.pyg'.

runsystem(pygmentize -l javascript -f latex -F tokenmerge             -P "verbo
ptions= " -o sec5.out.pyg sec5.pyg)...executed.

 (./sec5.out.pyg)
runsystem(rm sec5.out.pyg)...executed.

runsystem(rm sec5.pyg)...executed.

\openout3 = `sec5.pyg'.

runsystem(pygmentize -l javascript -f latex -F tokenmerge            -P linenos
 -P "verboptions= " -o sec5.out.pyg sec5.pyg)...executed.

 (./sec5.out.pyg)
runsystem(rm sec5.out.pyg)...executed.

runsystem(rm sec5.pyg)...executed.

 [7]
\openout3 = `sec5.pyg'.

runsystem(pygmentize -l javascript -f latex -F tokenmerge            -P linenos
 -P "verboptions= " -o sec5.out.pyg sec5.pyg)...executed.

 (./sec5.out.pyg)
runsystem(rm sec5.out.pyg)...executed.

runsystem(rm sec5.pyg)...executed.

\openout3 = `sec5.pyg'.

runsystem(pygmentize -l javascript -f latex -F tokenmerge            -P linenos
 -P "verboptions= " -o sec5.out.pyg sec5.pyg)...executed.

 (./sec5.out.pyg)
runsystem(rm sec5.out.pyg)...executed.

runsystem(rm sec5.pyg)...executed.


[8] [9]
\openout3 = `sec5.pyg'.

runsystem(pygmentize -l javascript -f latex -F tokenmerge             -P "verbo
ptions= " -o sec5.out.pyg sec5.pyg)...executed.

 (./sec5.out.pyg)
runsystem(rm sec5.out.pyg)...executed.

runsystem(rm sec5.pyg)...executed.

 [10]
Chapter 2.
\openout3 = `sec5.pyg'.

runsystem(pygmentize -l javascript -f latex -F tokenmerge            -P linenos
 -P "verboptions= " -o sec5.out.pyg sec5.pyg)...executed.

(./sec5.out.pyg)
runsystem(rm sec5.out.pyg)...executed.

runsystem(rm sec5.pyg)...executed.

 [11

]
\openout3 = `sec5.pyg'.

runsystem(pygmentize -l python -f latex -F tokenmerge             -P "verboptio
ns= " -o sec5.out.pyg sec5.pyg)...executed.

 (./sec5.out.pyg)
runsystem(rm sec5.out.pyg)...executed.

runsystem(rm sec5.pyg)...executed.

\openout3 = `sec5.pyg'.

runsystem(pygmentize -l python -f latex -F tokenmerge             -P "verboptio
ns= " -o sec5.out.pyg sec5.pyg)...executed.

 (./sec5.out.pyg)
runsystem(rm sec5.out.pyg)...executed.

runsystem(rm sec5.pyg)...executed.

\openout3 = `sec5.pyg'.

runsystem(pygmentize -l python -f latex -F tokenmerge             -P "verboptio
ns= " -o sec5.out.pyg sec5.pyg)...executed.

 (./sec5.out.pyg)
runsystem(rm sec5.out.pyg)...executed.

runsystem(rm sec5.pyg)...executed.

\openout3 = `sec5.pyg'.

runsystem(pygmentize -l python -f latex -F tokenmerge            -P linenos -P 
"verboptions= " -o sec5.out.pyg sec5.pyg)...executed.


(./sec5.out.pyg)
runsystem(rm sec5.out.pyg)...executed.

runsystem(rm sec5.pyg)...executed.

 [12]
\openout3 = `sec5.pyg'.

runsystem(pygmentize -l java -f latex -F tokenmerge             -P "verboptions
= " -o sec5.out.pyg sec5.pyg)...executed.

 (./sec5.out.pyg)
runsystem(rm sec5.out.pyg)...executed.

runsystem(rm sec5.pyg)...executed.

 [13]
\openout3 = `sec5.pyg'.

runsystem(pygmentize -l java -f latex -F tokenmerge             -P "verboptions
= " -o sec5.out.pyg sec5.pyg)...executed.

 (./sec5.out.pyg)
runsystem(rm sec5.out.pyg)...executed.

runsystem(rm sec5.pyg)...executed.

\openout3 = `sec5.pyg'.

runsystem(pygmentize -l java -f latex -F tokenmerge            -P linenos -P "v
erboptions= " -o sec5.out.pyg sec5.pyg)...executed.

 (./sec5.out.pyg)
runsystem(rm sec5.out.pyg)...executed.

runsystem(rm sec5.pyg)...executed.


[14] [15] [16


]
Appendix A.
[17

] (./sec5.lol
Overfull \hbox (4.77881pt too wide) in paragraph at lines 6--6
 [][] [][]\OT1/cmtt/m/n/10 received[]message \OT1/cmr/m/n/10 in \OT1/cmtt/m/n/1
0 ReceiverWSHandler \OT1/cmr/m/n/10 han-dles in-com-ing Web- 
 []


Overfull \hbox (6.36086pt too wide) in paragraph at lines 9--9
 [][] [][]\OT1/cmr/m/n/10 WebSocket con-nec-tion ini-tial-iza-tion and \OT1/cmt
t/m/n/10 phonestatusupdate \OT1/cmr/m/n/10 func- 
 []

)
\tf@lol=\write7
\openout7 = `sec5.lol'.

 [18

]
Appendix B.


pdfTeX warning: pdflatex (file ./dataflow.pdf): PDF inclusion: found PDF versio
n <1.5>, but at most version <1.4> allowed


pdfTeX warning: pdflatex (file ./dataflow.pdf): PDF inclusion: found PDF versio
n <1.5>, but at most version <1.4> allowed
[19

]

pdfTeX warning: pdflatex (file ./dataflow.pdf): PDF inclusion: found PDF versio
n <1.5>, but at most version <1.4> allowed
<dataflow.pdf, id=281, page=1, 597.50786pt x 845.04686pt>
File: dataflow.pdf Graphic file (type pdf)

<use dataflow.pdf, page 1>
File: dataflow.pdf Graphic file (type pdf)
 <use dataflow.pdf, page 1>
File: dataflow.pdf Graphic file (type pdf)

<use dataflow.pdf, page 1>
File: dataflow.pdf Graphic file (type pdf)
 <use dataflow.pdf, page 1>
File: dataflow.pdf Graphic file (type pdf)

<use dataflow.pdf, page 1> [20 <./dataflow.pdf>] (./sec5.aux)

LaTeX Warning: Label(s) may have changed. Rerun to get cross-references right.

 )
(\end occurred inside a group at level 1)

### simple group (level 1) entered at line 182 ({)
### bottom level 
Here is how much of TeX's memory you used:
 6249 strings out of 495061
 90185 string characters out of 1182621
 173477 words of memory out of 3000000
 9214 multiletter control sequences out of 15000+50000
 10259 words of font info for 37 fonts, out of 3000000 for 9000
 28 hyphenation exceptions out of 8191
 38i,16n,37p,700b,517s stack positions out of 5000i,500n,10000p,200000b,50000s
</usr/share/texmf-texlive/fonts/type1/public/amsfonts/cm/cmbx10
.pfb></usr/share/texmf-texlive/fonts/type1/public/amsfonts/cm/cmbx12.pfb></usr/
share/texmf-texlive/fonts/type1/public/amsfonts/cm/cmcsc10.pfb></usr/share/texm
f-texlive/fonts/type1/public/amsfonts/cm/cmitt10.pfb></usr/share/texmf-texlive/
fonts/type1/public/amsfonts/cm/cmr10.pfb></usr/share/texmf-texlive/fonts/type1/
public/amsfonts/cm/cmr12.pfb></usr/share/texmf-texlive/fonts/type1/public/amsfo
nts/cm/cmr17.pfb></usr/share/texmf-texlive/fonts/type1/public/amsfonts/cm/cmr5.
pfb></usr/share/texmf-texlive/fonts/type1/public/amsfonts/cm/cmsy10.pfb></usr/s
hare/texmf-texlive/fonts/type1/public/amsfonts/cm/cmti10.pfb></usr/share/texmf-
texlive/fonts/type1/public/amsfonts/cm/cmtt10.pfb></usr/share/texmf-texlive/fon
ts/type1/public/amsfonts/cm/cmtt12.pfb>
Output written on sec5.pdf (21 pages, 516267 bytes).
PDF statistics:
 499 PDF objects out of 1000 (max. 8388607)
 72 named destinations out of 1000 (max. 500000)
 168 words of extra memory for PDF output out of 10000 (max. 10000000)

